DEBUG - 2026-01-04 15:04:46 --> Session: Class initialized using 'CodeIgniter\Session\Handlers\FileHandler' driver.
ERROR - 2026-01-04 15:05:01 --> Error connecting to the database: mysqli_sql_exception: No connection could be made because the target machine actively refused it in D:\laragon\www\perpustakaan_inf25\system\Database\MySQLi\Connection.php:201
Stack trace:
#0 D:\laragon\www\perpustakaan_inf25\system\Database\MySQLi\Connection.php(201): mysqli->real_connect('localhost', 'root', Object(SensitiveParameterValue), 'db-perpustakaan...', 3306, '', 0)
#1 D:\laragon\www\perpustakaan_inf25\system\Database\BaseConnection.php(419): CodeIgniter\Database\MySQLi\Connection->connect(false)
#2 D:\laragon\www\perpustakaan_inf25\system\Database\BaseConnection.php(614): CodeIgniter\Database\BaseConnection->initialize()
#3 D:\laragon\www\perpustakaan_inf25\system\Database\BaseBuilder.php(1649): CodeIgniter\Database\BaseConnection->query('SELECT *\nFROM `...', Array, false)
#4 D:\laragon\www\perpustakaan_inf25\app\Models\ModelAuth.php(17): CodeIgniter\Database\BaseBuilder->get()
#5 D:\laragon\www\perpustakaan_inf25\app\Controllers\Auth.php(56): App\Models\ModelAuth->LoginUser('admin@gmail.com', '1234')
#6 D:\laragon\www\perpustakaan_inf25\system\CodeIgniter.php(933): App\Controllers\Auth->CekLoginUser()
#7 D:\laragon\www\perpustakaan_inf25\system\CodeIgniter.php(507): CodeIgniter\CodeIgniter->runController(Object(App\Controllers\Auth))
#8 D:\laragon\www\perpustakaan_inf25\system\CodeIgniter.php(354): CodeIgniter\CodeIgniter->handleRequest(NULL, Object(Config\Cache), false)
#9 D:\laragon\www\perpustakaan_inf25\system\Boot.php(363): CodeIgniter\CodeIgniter->run()
#10 D:\laragon\www\perpustakaan_inf25\system\Boot.php(68): CodeIgniter\Boot::runCodeIgniter(Object(CodeIgniter\CodeIgniter))
#11 D:\laragon\www\perpustakaan_inf25\public\index.php(59): CodeIgniter\Boot::bootWeb(Object(Config\Paths))
#12 D:\laragon\www\perpustakaan_inf25\system\rewrite.php(44): require_once('D:\\laragon\\www\\...')
#13 {main}

Next CodeIgniter\Database\Exceptions\DatabaseException: No connection could be made because the target machine actively refused it in D:\laragon\www\perpustakaan_inf25\system\Database\MySQLi\Connection.php:246
Stack trace:
#0 D:\laragon\www\perpustakaan_inf25\system\Database\BaseConnection.php(419): CodeIgniter\Database\MySQLi\Connection->connect(false)
#1 D:\laragon\www\perpustakaan_inf25\system\Database\BaseConnection.php(614): CodeIgniter\Database\BaseConnection->initialize()
#2 D:\laragon\www\perpustakaan_inf25\system\Database\BaseBuilder.php(1649): CodeIgniter\Database\BaseConnection->query('SELECT *\nFROM `...', Array, false)
#3 D:\laragon\www\perpustakaan_inf25\app\Models\ModelAuth.php(17): CodeIgniter\Database\BaseBuilder->get()
#4 D:\laragon\www\perpustakaan_inf25\app\Controllers\Auth.php(56): App\Models\ModelAuth->LoginUser('admin@gmail.com', '1234')
#5 D:\laragon\www\perpustakaan_inf25\system\CodeIgniter.php(933): App\Controllers\Auth->CekLoginUser()
#6 D:\laragon\www\perpustakaan_inf25\system\CodeIgniter.php(507): CodeIgniter\CodeIgniter->runController(Object(App\Controllers\Auth))
#7 D:\laragon\www\perpustakaan_inf25\system\CodeIgniter.php(354): CodeIgniter\CodeIgniter->handleRequest(NULL, Object(Config\Cache), false)
#8 D:\laragon\www\perpustakaan_inf25\system\Boot.php(363): CodeIgniter\CodeIgniter->run()
#9 D:\laragon\www\perpustakaan_inf25\system\Boot.php(68): CodeIgniter\Boot::runCodeIgniter(Object(CodeIgniter\CodeIgniter))
#10 D:\laragon\www\perpustakaan_inf25\public\index.php(59): CodeIgniter\Boot::bootWeb(Object(Config\Paths))
#11 D:\laragon\www\perpustakaan_inf25\system\rewrite.php(44): require_once('D:\\laragon\\www\\...')
#12 {main}
CRITICAL - 2026-01-04 15:05:01 --> CodeIgniter\Database\Exceptions\DatabaseException: Unable to connect to the database.
Main connection [MySQLi]: No connection could be made because the target machine actively refused it
[Method: POST, Route: cek_login_user]
in SYSTEMPATH\Database\BaseConnection.php on line 465.
 1 SYSTEMPATH\Database\BaseConnection.php(614): CodeIgniter\Database\BaseConnection->initialize()
 2 SYSTEMPATH\Database\BaseBuilder.php(1649): CodeIgniter\Database\BaseConnection->query('SELECT *
FROM `tbl_user`
WHERE `email` = :email:', [...], false)
 3 APPPATH\Models\ModelAuth.php(17): CodeIgniter\Database\BaseBuilder->get()
 4 APPPATH\Controllers\Auth.php(56): App\Models\ModelAuth->LoginUser('admin@gmail.com', '1234')
 5 SYSTEMPATH\CodeIgniter.php(933): App\Controllers\Auth->CekLoginUser()
 6 SYSTEMPATH\CodeIgniter.php(507): CodeIgniter\CodeIgniter->runController(Object(App\Controllers\Auth))
 7 SYSTEMPATH\CodeIgniter.php(354): CodeIgniter\CodeIgniter->handleRequest(null, Object(Config\Cache), false)
 8 SYSTEMPATH\Boot.php(363): CodeIgniter\CodeIgniter->run()
 9 SYSTEMPATH\Boot.php(68): CodeIgniter\Boot::runCodeIgniter(Object(CodeIgniter\CodeIgniter))
10 FCPATH\index.php(59): CodeIgniter\Boot::bootWeb(Object(Config\Paths))
11 SYSTEMPATH\rewrite.php(44): require_once('D:\\laragon\\www\\perpustakaan_inf25\\public\\index.php')
ERROR - 2026-01-04 15:05:05 --> Error connecting to the database: mysqli_sql_exception: No connection could be made because the target machine actively refused it in D:\laragon\www\perpustakaan_inf25\system\Database\MySQLi\Connection.php:201
Stack trace:
#0 D:\laragon\www\perpustakaan_inf25\system\Database\MySQLi\Connection.php(201): mysqli->real_connect('localhost', 'root', Object(SensitiveParameterValue), 'db-perpustakaan...', 3306, '', 0)
#1 D:\laragon\www\perpustakaan_inf25\system\Database\BaseConnection.php(419): CodeIgniter\Database\MySQLi\Connection->connect(false)
#2 D:\laragon\www\perpustakaan_inf25\system\Database\BaseConnection.php(614): CodeIgniter\Database\BaseConnection->initialize()
#3 D:\laragon\www\perpustakaan_inf25\system\Database\BaseBuilder.php(1649): CodeIgniter\Database\BaseConnection->query('SELECT *\nFROM `...', Array, false)
#4 D:\laragon\www\perpustakaan_inf25\app\Models\ModelAuth.php(17): CodeIgniter\Database\BaseBuilder->get()
#5 D:\laragon\www\perpustakaan_inf25\app\Controllers\Auth.php(56): App\Models\ModelAuth->LoginUser('admin@gmail.com', '1234')
#6 D:\laragon\www\perpustakaan_inf25\system\CodeIgniter.php(933): App\Controllers\Auth->CekLoginUser()
#7 D:\laragon\www\perpustakaan_inf25\system\CodeIgniter.php(507): CodeIgniter\CodeIgniter->runController(Object(App\Controllers\Auth))
#8 D:\laragon\www\perpustakaan_inf25\system\CodeIgniter.php(354): CodeIgniter\CodeIgniter->handleRequest(NULL, Object(Config\Cache), false)
#9 D:\laragon\www\perpustakaan_inf25\system\Boot.php(363): CodeIgniter\CodeIgniter->run()
#10 D:\laragon\www\perpustakaan_inf25\system\Boot.php(68): CodeIgniter\Boot::runCodeIgniter(Object(CodeIgniter\CodeIgniter))
#11 D:\laragon\www\perpustakaan_inf25\public\index.php(59): CodeIgniter\Boot::bootWeb(Object(Config\Paths))
#12 D:\laragon\www\perpustakaan_inf25\system\rewrite.php(44): require_once('D:\\laragon\\www\\...')
#13 {main}

Next CodeIgniter\Database\Exceptions\DatabaseException: No connection could be made because the target machine actively refused it in D:\laragon\www\perpustakaan_inf25\system\Database\MySQLi\Connection.php:246
Stack trace:
#0 D:\laragon\www\perpustakaan_inf25\system\Database\BaseConnection.php(419): CodeIgniter\Database\MySQLi\Connection->connect(false)
#1 D:\laragon\www\perpustakaan_inf25\system\Database\BaseConnection.php(614): CodeIgniter\Database\BaseConnection->initialize()
#2 D:\laragon\www\perpustakaan_inf25\system\Database\BaseBuilder.php(1649): CodeIgniter\Database\BaseConnection->query('SELECT *\nFROM `...', Array, false)
#3 D:\laragon\www\perpustakaan_inf25\app\Models\ModelAuth.php(17): CodeIgniter\Database\BaseBuilder->get()
#4 D:\laragon\www\perpustakaan_inf25\app\Controllers\Auth.php(56): App\Models\ModelAuth->LoginUser('admin@gmail.com', '1234')
#5 D:\laragon\www\perpustakaan_inf25\system\CodeIgniter.php(933): App\Controllers\Auth->CekLoginUser()
#6 D:\laragon\www\perpustakaan_inf25\system\CodeIgniter.php(507): CodeIgniter\CodeIgniter->runController(Object(App\Controllers\Auth))
#7 D:\laragon\www\perpustakaan_inf25\system\CodeIgniter.php(354): CodeIgniter\CodeIgniter->handleRequest(NULL, Object(Config\Cache), false)
#8 D:\laragon\www\perpustakaan_inf25\system\Boot.php(363): CodeIgniter\CodeIgniter->run()
#9 D:\laragon\www\perpustakaan_inf25\system\Boot.php(68): CodeIgniter\Boot::runCodeIgniter(Object(CodeIgniter\CodeIgniter))
#10 D:\laragon\www\perpustakaan_inf25\public\index.php(59): CodeIgniter\Boot::bootWeb(Object(Config\Paths))
#11 D:\laragon\www\perpustakaan_inf25\system\rewrite.php(44): require_once('D:\\laragon\\www\\...')
#12 {main}
CRITICAL - 2026-01-04 15:05:05 --> CodeIgniter\Database\Exceptions\DatabaseException: Unable to connect to the database.
Main connection [MySQLi]: No connection could be made because the target machine actively refused it
[Method: POST, Route: cek_login_user]
in SYSTEMPATH\Database\BaseConnection.php on line 465.
 1 SYSTEMPATH\Database\BaseConnection.php(614): CodeIgniter\Database\BaseConnection->initialize()
 2 SYSTEMPATH\Database\BaseBuilder.php(1649): CodeIgniter\Database\BaseConnection->query('SELECT *
FROM `tbl_user`
WHERE `email` = :email:', [...], false)
 3 APPPATH\Models\ModelAuth.php(17): CodeIgniter\Database\BaseBuilder->get()
 4 APPPATH\Controllers\Auth.php(56): App\Models\ModelAuth->LoginUser('admin@gmail.com', '1234')
 5 SYSTEMPATH\CodeIgniter.php(933): App\Controllers\Auth->CekLoginUser()
 6 SYSTEMPATH\CodeIgniter.php(507): CodeIgniter\CodeIgniter->runController(Object(App\Controllers\Auth))
 7 SYSTEMPATH\CodeIgniter.php(354): CodeIgniter\CodeIgniter->handleRequest(null, Object(Config\Cache), false)
 8 SYSTEMPATH\Boot.php(363): CodeIgniter\CodeIgniter->run()
 9 SYSTEMPATH\Boot.php(68): CodeIgniter\Boot::runCodeIgniter(Object(CodeIgniter\CodeIgniter))
10 FCPATH\index.php(59): CodeIgniter\Boot::bootWeb(Object(Config\Paths))
11 SYSTEMPATH\rewrite.php(44): require_once('D:\\laragon\\www\\perpustakaan_inf25\\public\\index.php')
DEBUG - 2026-01-04 15:05:53 --> Session: Class initialized using 'CodeIgniter\Session\Handlers\FileHandler' driver.
DEBUG - 2026-01-04 15:05:53 --> Session: Class initialized using 'CodeIgniter\Session\Handlers\FileHandler' driver.
DEBUG - 2026-01-04 15:05:59 --> Session: Class initialized using 'CodeIgniter\Session\Handlers\FileHandler' driver.
DEBUG - 2026-01-04 15:06:09 --> Session: Class initialized using 'CodeIgniter\Session\Handlers\FileHandler' driver.
DEBUG - 2026-01-04 15:06:21 --> Session: Class initialized using 'CodeIgniter\Session\Handlers\FileHandler' driver.
DEBUG - 2026-01-04 15:07:22 --> Session: Class initialized using 'CodeIgniter\Session\Handlers\FileHandler' driver.
DEBUG - 2026-01-04 15:07:23 --> Session: Class initialized using 'CodeIgniter\Session\Handlers\FileHandler' driver.
DEBUG - 2026-01-04 15:07:26 --> Session: Class initialized using 'CodeIgniter\Session\Handlers\FileHandler' driver.
DEBUG - 2026-01-04 15:07:34 --> Session: Class initialized using 'CodeIgniter\Session\Handlers\FileHandler' driver.
DEBUG - 2026-01-04 15:07:34 --> Session: Class initialized using 'CodeIgniter\Session\Handlers\FileHandler' driver.
DEBUG - 2026-01-04 15:07:41 --> Session: Class initialized using 'CodeIgniter\Session\Handlers\FileHandler' driver.
DEBUG - 2026-01-04 15:08:05 --> Session: Class initialized using 'CodeIgniter\Session\Handlers\FileHandler' driver.
DEBUG - 2026-01-04 15:08:06 --> Session: Class initialized using 'CodeIgniter\Session\Handlers\FileHandler' driver.
DEBUG - 2026-01-04 15:08:11 --> Session: Class initialized using 'CodeIgniter\Session\Handlers\FileHandler' driver.
DEBUG - 2026-01-04 15:08:11 --> Session: Class initialized using 'CodeIgniter\Session\Handlers\FileHandler' driver.
DEBUG - 2026-01-04 15:11:37 --> Session: Class initialized using 'CodeIgniter\Session\Handlers\FileHandler' driver.
DEBUG - 2026-01-04 15:11:38 --> Session: Class initialized using 'CodeIgniter\Session\Handlers\FileHandler' driver.
DEBUG - 2026-01-04 15:12:34 --> Session: Class initialized using 'CodeIgniter\Session\Handlers\FileHandler' driver.
DEBUG - 2026-01-04 15:19:07 --> Session: Class initialized using 'CodeIgniter\Session\Handlers\FileHandler' driver.
DEBUG - 2026-01-04 15:19:12 --> Session: Class initialized using 'CodeIgniter\Session\Handlers\FileHandler' driver.
DEBUG - 2026-01-04 15:19:18 --> Session: Class initialized using 'CodeIgniter\Session\Handlers\FileHandler' driver.
DEBUG - 2026-01-04 15:19:18 --> Session: Class initialized using 'CodeIgniter\Session\Handlers\FileHandler' driver.
DEBUG - 2026-01-04 15:19:23 --> Session: Class initialized using 'CodeIgniter\Session\Handlers\FileHandler' driver.
DEBUG - 2026-01-04 15:19:29 --> Session: Class initialized using 'CodeIgniter\Session\Handlers\FileHandler' driver.
DEBUG - 2026-01-04 15:23:05 --> Session: Class initialized using 'CodeIgniter\Session\Handlers\FileHandler' driver.
DEBUG - 2026-01-04 15:30:21 --> Session: Class initialized using 'CodeIgniter\Session\Handlers\FileHandler' driver.
CRITICAL - 2026-01-04 15:30:22 --> ErrorException: Undefined array key "judul_web"
[Method: GET, Route: /]
in APPPATH\Views\v_template.php on line 94.
 1 APPPATH\Views\v_template.php(94): CodeIgniter\Debug\Exceptions->errorHandler(2, 'Undefined array key "judul_web"', 'D:\\laragon\\www\\perpustakaan_inf25\\app\\Views\\v_template.php', 94)
 2 SYSTEMPATH\View\View.php(226): include('D:\\laragon\\www\\perpustakaan_inf25\\app\\Views\\v_template.php')
 3 SYSTEMPATH\View\View.php(229): CodeIgniter\View\View->CodeIgniter\View\{closure}()
 4 SYSTEMPATH\Common.php(1167): CodeIgniter\View\View->render('v_template', [], true)
 5 APPPATH\Controllers\Home.php(13): view('v_template', [...])
 6 SYSTEMPATH\CodeIgniter.php(933): App\Controllers\Home->index()
 7 SYSTEMPATH\CodeIgniter.php(507): CodeIgniter\CodeIgniter->runController(Object(App\Controllers\Home))
 8 SYSTEMPATH\CodeIgniter.php(354): CodeIgniter\CodeIgniter->handleRequest(null, Object(Config\Cache), false)
 9 SYSTEMPATH\Boot.php(363): CodeIgniter\CodeIgniter->run()
10 SYSTEMPATH\Boot.php(68): CodeIgniter\Boot::runCodeIgniter(Object(CodeIgniter\CodeIgniter))
11 FCPATH\index.php(59): CodeIgniter\Boot::bootWeb(Object(Config\Paths))
12 SYSTEMPATH\rewrite.php(44): require_once('D:\\laragon\\www\\perpustakaan_inf25\\public\\index.php')
